d:\alex\projects\asi or dlls\sa-mixsets\mixsets\.obj\gtasa\release\vc143.pdb
d:\alex\projects\asi or dlls\sa-mixsets\mixsets\.obj\gtasa\release\gunflashes.obj
d:\alex\projects\asi or dlls\sa-mixsets\mixsets\.obj\gtasa\release\gunflashconfig.obj
d:\alex\projects\asi or dlls\sa-mixsets\mixsets\.obj\gtasa\release\animnameviewer.obj
d:\alex\projects\asi or dlls\sa-mixsets\mixsets\.obj\gtasa\release\readini.obj
d:\alex\projects\asi or dlls\sa-mixsets\mixsets\.obj\gtasa\release\mixsets.obj
d:\alex\projects\asi or dlls\sa-mixsets\mixsets\.obj\gtasa\release\mixsets.vcxproj.filelistabsolute.txt
d:\alex\projects\asi or dlls\sa-mixsets\mixsets\.obj\gtasa\release\mixsets.tlog\cl.command.1.tlog
d:\alex\projects\asi or dlls\sa-mixsets\mixsets\.obj\gtasa\release\mixsets.tlog\cl.read.1.tlog
d:\alex\projects\asi or dlls\sa-mixsets\mixsets\.obj\gtasa\release\mixsets.tlog\cl.write.1.tlog
d:\alex\projects\asi or dlls\sa-mixsets\mixsets\.obj\gtasa\release\mixsets.tlog\link.17808.read.1.tlog
d:\alex\projects\asi or dlls\sa-mixsets\mixsets\.obj\gtasa\release\mixsets.tlog\link.17808.write.1.tlog
d:\alex\projects\asi or dlls\sa-mixsets\mixsets\.obj\gtasa\release\mixsets.tlog\link.20668.read.1.tlog
d:\alex\projects\asi or dlls\sa-mixsets\mixsets\.obj\gtasa\release\mixsets.tlog\link.20668.write.1.tlog
d:\alex\projects\asi or dlls\sa-mixsets\mixsets\.obj\gtasa\release\mixsets.tlog\link.21240.read.1.tlog
d:\alex\projects\asi or dlls\sa-mixsets\mixsets\.obj\gtasa\release\mixsets.tlog\link.21240.write.1.tlog
d:\alex\projects\asi or dlls\sa-mixsets\mixsets\.obj\gtasa\release\mixsets.tlog\link.2264.read.1.tlog
d:\alex\projects\asi or dlls\sa-mixsets\mixsets\.obj\gtasa\release\mixsets.tlog\link.2264.write.1.tlog
d:\alex\projects\asi or dlls\sa-mixsets\mixsets\.obj\gtasa\release\mixsets.tlog\link.25208.read.1.tlog
d:\alex\projects\asi or dlls\sa-mixsets\mixsets\.obj\gtasa\release\mixsets.tlog\link.25208.write.1.tlog
d:\alex\projects\asi or dlls\sa-mixsets\mixsets\.obj\gtasa\release\mixsets.tlog\link.25308.read.1.tlog
d:\alex\projects\asi or dlls\sa-mixsets\mixsets\.obj\gtasa\release\mixsets.tlog\link.25308.write.1.tlog
d:\alex\projects\asi or dlls\sa-mixsets\mixsets\.obj\gtasa\release\mixsets.tlog\link.26984.read.1.tlog
d:\alex\projects\asi or dlls\sa-mixsets\mixsets\.obj\gtasa\release\mixsets.tlog\link.26984.write.1.tlog
d:\alex\projects\asi or dlls\sa-mixsets\mixsets\.obj\gtasa\release\mixsets.tlog\link.27212.read.1.tlog
d:\alex\projects\asi or dlls\sa-mixsets\mixsets\.obj\gtasa\release\mixsets.tlog\link.27212.write.1.tlog
d:\alex\projects\asi or dlls\sa-mixsets\mixsets\.obj\gtasa\release\mixsets.tlog\link.564.read.1.tlog
d:\alex\projects\asi or dlls\sa-mixsets\mixsets\.obj\gtasa\release\mixsets.tlog\link.564.write.1.tlog
d:\alex\projects\asi or dlls\sa-mixsets\mixsets\.obj\gtasa\release\mixsets.tlog\link.8460.read.1.tlog
d:\alex\projects\asi or dlls\sa-mixsets\mixsets\.obj\gtasa\release\mixsets.tlog\link.8460.write.1.tlog
d:\alex\projects\asi or dlls\sa-mixsets\mixsets\.obj\gtasa\release\mixsets.tlog\link.8984.read.1.tlog
d:\alex\projects\asi or dlls\sa-mixsets\mixsets\.obj\gtasa\release\mixsets.tlog\link.8984.write.1.tlog
d:\alex\projects\asi or dlls\sa-mixsets\mixsets\.obj\gtasa\release\mixsets.tlog\link.9848.read.1.tlog
d:\alex\projects\asi or dlls\sa-mixsets\mixsets\.obj\gtasa\release\mixsets.tlog\link.9848.write.1.tlog
d:\alex\projects\asi or dlls\sa-mixsets\mixsets\.obj\gtasa\release\mixsets.tlog\link.command.1.tlog
d:\alex\projects\asi or dlls\sa-mixsets\mixsets\.obj\gtasa\release\mixsets.tlog\link.read.1.tlog
d:\alex\projects\asi or dlls\sa-mixsets\mixsets\.obj\gtasa\release\mixsets.tlog\link.write.1.tlog
